<config>

  <ImportLibrary library="gmGraphics"/>

  <SdlWindow
      size="1536 1024"
      title="Spherical"
      GLMajor="3" GLMinor="3">

    <SdlContext
        DEF="SDLContext"
        useVideo="1"/>

    <PoseTransform
        position="0 0 -10">
      <CubeSceneRenderer
          cubeSize="0.1"
          cubeSetSize="5.0"/>
    </PoseTransform>

    <GeometryCorrectedProjectorView
        bufferWidth="4096"
        bufferHeight="4096"
        position="0 0 0"
        orientation="axisangle 1 0 0 0"
        clipAngles=".5 .5 .5 .5"
        linearInterpolation="on">

      <VelocityViewpoint
          position="2 0 0"
          velocity="-0.5 0 0"
          rotation="1 0 0 0"/>

      <SphereGeometry
          position="0 0 0"
          radius="10"
          inside="1"/>

    </GeometryCorrectedProjectorView>
  </SdlWindow>

</config>
