<config>

  <ImportLibrary library="gmGraphics"/>

  <SdlWindow
      size="1280 480"
      title="UVCstream"
      GLMajor="3" GLMinor="3"
      GLProfile="core">

    <SdlContext
        DEF="SDLContext"
        useVideo="1"/>

    <TiledView>

      <param name="tileLocation" value="0 0 1 1"/>

      <View>
        <TextureRenderer>
          <UvcTexture
              DEF="CAM"
              resolution="640 480"
              framerate="20"
              format="YUYV"
              decode="false"/>
        </TextureRenderer>
      </View>

      <param name="tileLocation" value="0 1 1 1"/>

      <View>
        <TextureRenderer>
          <YuvDecodeTexture>
            <UvcTexture
                USE="CAM"/>
          </YuvDecodeTexture>
        </TextureRenderer>
      </View>

    </TiledView>

  </SdlWindow>

</config>
