<config>

  <ImportLibrary library="gmGraphics"/>

  <SdlWindow
      size="1536 1024"
      title="Spherical"
      GLMajor="3" GLMinor="3">

    <SdlContext
        DEF="SDLContext"
        useVideo="1"/>

    <CubeSceneRenderer
        cubeSize="0.2"
        cubeSetSize="5.0"/>

    <GeometryCorrectedProjectorView
        position="0 10 10"
        orientation="axisangle 1 0 0 -0.7"
        clipAngles=".5 .5 .5 .5"
        linearInterpolation="on">

      <Viewpoint
          position="0.0 0.0 10.0"/>

      <PlaneGeometry
          position="0 0 0"
          normal="0 0 1"/>

    </GeometryCorrectedProjectorView>
  </SdlWindow>

</config>
