<config>

  <ImportLibrary library="gmGraphics"/>

  <SdlWindow
      size="1920 1080"
      title="Fisheye correction"
      GLMajor="3" GLMinor="3">

    <SdlContext
        useVideo="true"/>

    <PosedPlanarView
        fieldOfView="2 -1">

      <Viewpoint
          position="0 0 0"
          lookAt="0 0 -1"/>

      <SphereRenderer>
        <FisheyeCameraModel
            focalDistance="0.4379080716064567 0.5862669469866367"
            focalOffset="0.5033575445536847 0.47472503212529356667"
            distortion="3.3884550481307715e-02 0 0 0"/>
        <ImageTexture
            file="urn:gramods:gmGraphics/resources/gopro/stairs_%05d.jpg"
            range="56 111"
            loop="1"/>
      </SphereRenderer>
    </PosedPlanarView>

  </SdlWindow>

</config>
