<config>

  <ImportLibrary library="gmGraphics"/>

  <SdlWindow
      size="1024 512"
      title="ViewTexture"
      GLMajor="3" GLMinor="3">

    <SdlContext
        DEF="SDLContext"
        useVideo="1"/>

    <TiledView>

      <param name="tileLocation" value="0 0 1 1"/>
      <PosedPlanarView
          fieldOfView="1 -1">
        <Viewpoint
            position="2.0 2.0 2.0"
            lookAt="0.0 0.0 0.0"/>

        <SphereRenderer
            radius="1">
          <AngularFisheyeCoordinatesMapper
              coverageAngle="r4"/>

          <ViewTexture resolution="1024 1024">
            <PosedPlanarView
                DEF="VIEW"
                fieldOfView="1 -1">
              <Viewpoint
                  position="2.0 2.0 2.0"
                  lookAt="0.0 0.0 0.0"/>
              <CubeSceneRenderer
                  cubeSize="0.1"
                  cubeSetSize="2.0"/>
            </PosedPlanarView>
          </ViewTexture>

        </SphereRenderer>

      </PosedPlanarView>

      <param name="tileLocation" value="0 1 1 1"/>
      <PosedPlanarView USE="VIEW"/>
    </TiledView>
  </SdlWindow>

</config>
