<config>

  <ImportLibrary library="gmGraphics"/>

  <SdlWindow
      size="1024 1024"
      title="Equirectangular to Angular Fisheye"
      GLMajor="3" GLMinor="3">

    <SdlContext
        DEF="SDLContext"
        useVideo="1"/>

    <SaveView
        file="proj_angular.png"
        resolution="4096 4096">

      <SpatialSphericalView
          linearInterpolation="1"
          radius="10">

        <AngularFisheyeCoordinatesMapper
            coverageAngle="d165"/>

        <Viewpoint
            position="0 0 0"/>

        <SphereRenderer
            radius="10">
          <EquirectangularCoordinatesMapper/>
          <ImageTexture
              file="urn:gramods:gmGraphics/resources/equirectangular-coordinates.png"/>
        </SphereRenderer>

      </SpatialSphericalView>
    </SaveView>

  </SdlWindow>

</config>
